<?xml version="1.0" encoding="UTF-8"?>
<testsuite xmlns:xsi="http://www.w3.org/2001/XMLSchema-instance" xsi:noNamespaceSchemaLocation="https://maven.apache.org/surefire/maven-surefire-plugin/xsd/surefire-test-report-3.0.xsd" version="3.0" name="com.company.logstreamer.SessionFlowIntegrationTest" time="2.519" tests="2" errors="0" skipped="0" failures="0">
  <properties>
[...]
</properties>
  <testcase name="sessionCanProgressFromCreateToIngestionAndSearch" classname="com.company.logstreamer.SessionFlowIntegrationTest" time="0.867">
    <system-out><![CDATA[00:42:18.337 [main] INFO org.springframework.test.context.support.AnnotationConfigContextLoaderUtils -- Could not detect default configuration classes for test class [com.company.logstreamer.SessionFlowIntegrationTest]: SessionFlowIntegrationTest does not declare any static, non-private, non-final, nested classes annotated with @Configuration.
00:42:18.400 [main] INFO org.springframework.boot.test.context.SpringBootTestContextBootstrapper -- Found @SpringBootConfiguration com.company.logstreamer.LogStreamerBackendApplication for test class com.company.logstreamer.SessionFlowIntegrationTest

  .   ____          _            __ _ _
 /\\ / ___'_ __ _ _(_)_ __  __ _ \ \ \ \
( ( )\___ | '_ | '_| | '_ \/ _` | \ \ \ \
 \\/  ___)| |_)| | | | | || (_| |  ) ) ) )
  '  |____| .__|_| |_|_| |_\__, | / / / /
 =========|_|==============|___/=/_/_/_/

 :: Spring Boot ::                (v3.3.1)

2026-06-29T00:42:18.631+05:30  INFO 15675 --- [logstreamer-backend] [           main] c.c.l.SessionFlowIntegrationTest         : Starting SessionFlowIntegrationTest using Java 21.0.6 with PID 15675 (started by atiqaakif in /Users/atiqaakif/Documents/logs_stream/be/logstreamer-backend)
2026-06-29T00:42:18.632+05:30  INFO 15675 --- [logstreamer-backend] [           main] c.c.l.SessionFlowIntegrationTest         : No active profile set, falling back to 1 default profile: "default"
2026-06-29T00:42:19.574+05:30  INFO 15675 --- [logstreamer-backend] [           main] o.s.b.t.m.w.SpringBootMockServletContext : Initializing Spring TestDispatcherServlet ''
2026-06-29T00:42:19.574+05:30  INFO 15675 --- [logstreamer-backend] [           main] o.s.t.web.servlet.TestDispatcherServlet  : Initializing Servlet ''
2026-06-29T00:42:19.580+05:30  INFO 15675 --- [logstreamer-backend] [           main] o.s.b.a.e.web.EndpointLinksResolver      : Exposing 3 endpoints beneath base path '/actuator'
2026-06-29T00:42:19.586+05:30  INFO 15675 --- [logstreamer-backend] [           main] o.s.t.web.servlet.TestDispatcherServlet  : Completed initialization in 12 ms
2026-06-29T00:42:19.624+05:30  INFO 15675 --- [logstreamer-backend] [           main] c.c.l.SessionFlowIntegrationTest         : Started SessionFlowIntegrationTest in 1.152 seconds (process running for 1.644)

  .   ____          _            __ _ _
 /\\ / ___'_ __ _ _(_)_ __  __ _ \ \ \ \
( ( )\___ | '_ | '_| | '_ \/ _` | \ \ \ \
 \\/  ___)| |_)| | | | | || (_| |  ) ) ) )
  '  |____| .__|_| |_|_| |_\__, | / / / /
 =========|_|==============|___/=/_/_/_/

 :: Spring Boot ::                (v3.3.1)

2026-06-29T00:42:19.691+05:30  INFO 15675 --- [logstreamer-backend] [           main] c.c.l.SessionFlowIntegrationTest         : Starting SessionFlowIntegrationTest using Java 21.0.6 with PID 15675 (started by atiqaakif in /Users/atiqaakif/Documents/logs_stream/be/logstreamer-backend)
2026-06-29T00:42:19.691+05:30  INFO 15675 --- [logstreamer-backend] [           main] c.c.l.SessionFlowIntegrationTest         : No active profile set, falling back to 1 default profile: "default"
2026-06-29T00:42:19.884+05:30  INFO 15675 --- [logstreamer-backend] [           main] o.s.b.t.m.w.SpringBootMockServletContext : Initializing Spring TestDispatcherServlet ''
2026-06-29T00:42:19.884+05:30  INFO 15675 --- [logstreamer-backend] [           main] o.s.t.web.servlet.TestDispatcherServlet  : Initializing Servlet ''
2026-06-29T00:42:19.885+05:30  INFO 15675 --- [logstreamer-backend] [           main] o.s.b.a.e.web.EndpointLinksResolver      : Exposing 3 endpoints beneath base path '/actuator'
2026-06-29T00:42:19.887+05:30  INFO 15675 --- [logstreamer-backend] [           main] o.s.t.web.servlet.TestDispatcherServlet  : Completed initialization in 3 ms
2026-06-29T00:42:19.895+05:30  INFO 15675 --- [logstreamer-backend] [           main] c.c.l.SessionFlowIntegrationTest         : Started SessionFlowIntegrationTest in 0.218 seconds (process running for 1.915)
2026-06-29T00:42:20.426+05:30  INFO 15675 --- [logstreamer-backend] [           main] c.c.l.p.a.AppleApnsPushTransport         : APNs payload for device apns-token-123: {"aps":{"content-available":1},"data":{"command":"start_logging","sessionId":"sess_ecd2f07901974650","appId":"ios-app","environment":"internal","userId":"user-123","logs":["network","crash","logs"],"stopPolicy":{"expiresAfterMinutes":30,"maxEvents":null,"maxBytes":null},"retentionHours":24,"uploadToken":"37a39e4ae337ef426d2a1a101e445507b962e90cfee899bd","baseUrl":"http://localhost:8080"}}
2026-06-29T00:42:20.429+05:30  INFO 15675 --- [logstreamer-backend] [           main] c.c.l.p.a.AppleApnsPushTransport         : APNs send disabled; wrote simulator payload for device apns-token-123 to /Users/atiqaakif/Documents/logs_stream/be/logstreamer-backend/target/test-generated-apns/start-sess_ecd2f07901974650.apns
2026-06-29T00:42:20.531+05:30  INFO 15675 --- [logstreamer-backend] [           main] c.c.l.p.a.AppleApnsPushTransport         : APNs payload for device apns-token-123: {"aps":{"content-available":1},"data":{"command":"stop_logging","sessionId":"sess_ecd2f07901974650"}}
2026-06-29T00:42:20.531+05:30  INFO 15675 --- [logstreamer-backend] [           main] c.c.l.p.a.AppleApnsPushTransport         : APNs send disabled; wrote simulator payload for device apns-token-123 to /Users/atiqaakif/Documents/logs_stream/be/logstreamer-backend/target/test-generated-apns/stop-sess_ecd2f07901974650.apns
]]></system-out>
    <system-err><![CDATA[WARNING: A Java agent has been loaded dynamically (/Users/atiqaakif/.m2/repository/net/bytebuddy/byte-buddy-agent/1.14.17/byte-buddy-agent-1.14.17.jar)
WARNING: If a serviceability tool is in use, please run with -XX:+EnableDynamicAgentLoading to hide this warning
WARNING: If a serviceability tool is not in use, please run with -Djdk.instrument.traceUsage for more information
WARNING: Dynamic loading of agents will be disallowed by default in a future release
]]></system-err>
  </testcase>
  <testcase name="uploadRequiresValidBearerToken" classname="com.company.logstreamer.SessionFlowIntegrationTest" time="0.221">
    <system-out><![CDATA[
  .   ____          _            __ _ _
 /\\ / ___'_ __ _ _(_)_ __  __ _ \ \ \ \
( ( )\___ | '_ | '_| | '_ \/ _` | \ \ \ \
 \\/  ___)| |_)| | | | | || (_| |  ) ) ) )
  '  |____| .__|_| |_|_| |_\__, | / / / /
 =========|_|==============|___/=/_/_/_/

 :: Spring Boot ::                (v3.3.1)

2026-06-29T00:42:20.555+05:30  INFO 15675 --- [logstreamer-backend] [           main] c.c.l.SessionFlowIntegrationTest         : Starting SessionFlowIntegrationTest using Java 21.0.6 with PID 15675 (started by atiqaakif in /Users/atiqaakif/Documents/logs_stream/be/logstreamer-backend)
2026-06-29T00:42:20.555+05:30  INFO 15675 --- [logstreamer-backend] [           main] c.c.l.SessionFlowIntegrationTest         : No active profile set, falling back to 1 default profile: "default"
2026-06-29T00:42:20.726+05:30  INFO 15675 --- [logstreamer-backend] [           main] o.s.b.t.m.w.SpringBootMockServletContext : Initializing Spring TestDispatcherServlet ''
2026-06-29T00:42:20.726+05:30  INFO 15675 --- [logstreamer-backend] [           main] o.s.t.web.servlet.TestDispatcherServlet  : Initializing Servlet ''
2026-06-29T00:42:20.728+05:30  INFO 15675 --- [logstreamer-backend] [           main] o.s.b.a.e.web.EndpointLinksResolver      : Exposing 3 endpoints beneath base path '/actuator'
2026-06-29T00:42:20.730+05:30  INFO 15675 --- [logstreamer-backend] [           main] o.s.t.web.servlet.TestDispatcherServlet  : Completed initialization in 3 ms
2026-06-29T00:42:20.738+05:30  INFO 15675 --- [logstreamer-backend] [           main] c.c.l.SessionFlowIntegrationTest         : Started SessionFlowIntegrationTest in 0.195 seconds (process running for 2.758)
2026-06-29T00:42:20.749+05:30  INFO 15675 --- [logstreamer-backend] [           main] c.c.l.p.a.AppleApnsPushTransport         : APNs payload for device apns-token-123: {"aps":{"content-available":1},"data":{"command":"start_logging","sessionId":"sess_17d4f9953d70441c","appId":"ios-app","environment":"internal","userId":"user-123","logs":["logs"],"stopPolicy":{"expiresAfterMinutes":30,"maxEvents":null,"maxBytes":null},"retentionHours":24,"uploadToken":"f20b61fab305884284296a00b22104a6fdaa8e2a9e3582fc","baseUrl":"http://localhost:8080"}}
2026-06-29T00:42:20.750+05:30  INFO 15675 --- [logstreamer-backend] [           main] c.c.l.p.a.AppleApnsPushTransport         : APNs send disabled; wrote simulator payload for device apns-token-123 to /Users/atiqaakif/Documents/logs_stream/be/logstreamer-backend/target/test-generated-apns/start-sess_17d4f9953d70441c.apns
]]></system-out>
  </testcase>
</testsuite>